2020-02-03 15:50:03,354 - D:\py_project\downproject\NRE\github_Extract_Information\Extract_Information\utils.py[line:134] - INFO: Processing NER Dataset....
2020-02-03 15:50:54,989 - D:\py_project\downproject\NRE\github_Extract_Information\Extract_Information\utils.py[line:134] - INFO: Processing NER Dataset....
2020-02-03 15:50:57,124 - D:\py_project\downproject\NRE\github_Extract_Information\Extract_Information\utils.py[line:134] - INFO: Processing NER Dataset....
2020-02-03 15:50:59,547 - D:/py_project/downproject/NRE/github_Extract_Information/Extract_Information/run.py[line:36] - INFO: PREPARING DATA...
2020-02-03 15:51:00,519 - D:/py_project/downproject/NRE/github_Extract_Information/Extract_Information/run.py[line:49] - INFO: FINISH PREPARING DATA!
2020-02-03 15:51:00,519 - D:/py_project/downproject/NRE/github_Extract_Information/Extract_Information/run.py[line:52] - INFO: PREPARING MODEL & OPTIMIER...
2020-02-03 15:51:23,570 - D:\py_project\downproject\NRE\github_Extract_Information\Extract_Information\utils.py[line:134] - INFO: Processing NER Dataset....
2020-02-03 15:52:00,902 - D:\py_project\downproject\NRE\github_Extract_Information\Extract_Information\utils.py[line:134] - INFO: Processing NER Dataset....
2020-02-03 16:06:27,941 - D:\py_project\downproject\NRE\github_Extract_Information\Extract_Information\utils.py[line:134] - INFO: Processing NER Dataset....
2020-02-03 16:06:38,555 - D:\py_project\downproject\NRE\github_Extract_Information\Extract_Information\utils.py[line:134] - INFO: Processing NER Dataset....
2020-02-03 16:06:46,635 - D:/py_project/downproject/NRE/github_Extract_Information/Extract_Information/run.py[line:36] - INFO: PREPARING DATA...
2020-02-03 16:06:46,756 - D:/py_project/downproject/NRE/github_Extract_Information/Extract_Information/run.py[line:49] - INFO: FINISH PREPARING DATA!
2020-02-03 16:06:46,756 - D:/py_project/downproject/NRE/github_Extract_Information/Extract_Information/run.py[line:52] - INFO: PREPARING MODEL & OPTIMIER...
2020-02-03 16:06:53,186 - D:/py_project/downproject/NRE/github_Extract_Information/Extract_Information/run.py[line:60] - INFO: FINISH PREPARING MODEL & OPTIMIZER!
2020-02-03 16:06:53,186 - D:/py_project/downproject/NRE/github_Extract_Information/Extract_Information/run.py[line:63] - INFO: TRAINING...
2020-02-03 16:06:53,199 - D:\py_project\downproject\NRE\github_Extract_Information\Extract_Information\trainer.py[line:76] - INFO: Epoch  0: Training NER Model...
2020-02-03 16:07:41,700 - D:/py_project/downproject/NRE/github_Extract_Information/Extract_Information/run.py[line:36] - INFO: PREPARING DATA...
2020-02-03 16:07:41,833 - D:/py_project/downproject/NRE/github_Extract_Information/Extract_Information/run.py[line:49] - INFO: FINISH PREPARING DATA!
2020-02-03 16:07:41,834 - D:/py_project/downproject/NRE/github_Extract_Information/Extract_Information/run.py[line:52] - INFO: PREPARING MODEL & OPTIMIER...
2020-02-03 16:07:47,726 - D:/py_project/downproject/NRE/github_Extract_Information/Extract_Information/run.py[line:60] - INFO: FINISH PREPARING MODEL & OPTIMIZER!
2020-02-03 16:07:47,726 - D:/py_project/downproject/NRE/github_Extract_Information/Extract_Information/run.py[line:63] - INFO: TRAINING...
2020-02-03 16:07:47,736 - D:\py_project\downproject\NRE\github_Extract_Information\Extract_Information\trainer.py[line:48] - INFO: Epoch:  0: Training P Model...
2020-02-03 16:08:27,068 - D:/py_project/downproject/NRE/github_Extract_Information/Extract_Information/run.py[line:36] - INFO: PREPARING DATA...
2020-02-03 16:08:27,142 - D:/py_project/downproject/NRE/github_Extract_Information/Extract_Information/run.py[line:49] - INFO: FINISH PREPARING DATA!
2020-02-03 16:08:27,142 - D:/py_project/downproject/NRE/github_Extract_Information/Extract_Information/run.py[line:52] - INFO: PREPARING MODEL & OPTIMIER...
2020-02-03 16:08:33,092 - D:/py_project/downproject/NRE/github_Extract_Information/Extract_Information/run.py[line:60] - INFO: FINISH PREPARING MODEL & OPTIMIZER!
2020-02-03 16:08:33,092 - D:/py_project/downproject/NRE/github_Extract_Information/Extract_Information/run.py[line:63] - INFO: TRAINING...
2020-02-03 16:08:33,106 - D:\py_project\downproject\NRE\github_Extract_Information\Extract_Information\trainer.py[line:48] - INFO: Epoch:  0: Training P Model...
2020-02-03 16:15:37,459 - D:/py_project/downproject/NRE/github_Extract_Information/Extract_Information/run.py[line:36] - INFO: PREPARING DATA...
2020-02-03 16:15:37,533 - D:/py_project/downproject/NRE/github_Extract_Information/Extract_Information/run.py[line:49] - INFO: FINISH PREPARING DATA!
2020-02-03 16:15:37,533 - D:/py_project/downproject/NRE/github_Extract_Information/Extract_Information/run.py[line:52] - INFO: PREPARING MODEL & OPTIMIER...
2020-02-03 16:15:43,428 - D:/py_project/downproject/NRE/github_Extract_Information/Extract_Information/run.py[line:60] - INFO: FINISH PREPARING MODEL & OPTIMIZER!
2020-02-03 16:15:43,429 - D:/py_project/downproject/NRE/github_Extract_Information/Extract_Information/run.py[line:63] - INFO: TRAINING...
2020-02-03 16:15:43,453 - D:\py_project\downproject\NRE\github_Extract_Information\Extract_Information\trainer.py[line:48] - INFO: Epoch:  0: Training P Model...
